2025-03-26 09:16:01,128 - root - INFO - Connecting to database...
2025-03-26 09:16:04,852 - databases - INFO - Connected to database postgresql://bots_714l_user:********@dpg-cvh2ks1u0jms73bh60gg-a.oregon-postgres.render.com/bots_714l
2025-03-26 09:16:04,854 - root - INFO - Creating tables...
2025-03-26 09:16:12,328 - root - INFO - Starting bot...
2025-03-26 09:16:12,329 - aiogram.dispatcher - INFO - Start polling
2025-03-26 09:16:12,904 - aiogram.dispatcher - INFO - Run polling for bot @cooplinkbot id=7510441533 - 'Cooplink'
2025-03-26 09:18:21,258 - aiogram.event - INFO - Update id=850441991 is handled. Duration 2328 ms by bot id=7510441533
2025-03-26 09:18:26,585 - aiogram.event - INFO - Update id=850441992 is handled. Duration 2217 ms by bot id=7510441533
2025-03-26 09:22:11,474 - aiogram.event - INFO - Update id=850441993 is handled. Duration 1563 ms by bot id=7510441533
2025-03-26 09:22:21,580 - aiogram.event - INFO - Update id=850441994 is handled. Duration 987 ms by bot id=7510441533
2025-03-26 09:22:28,558 - aiogram.event - INFO - Update id=850441995 is handled. Duration 1086 ms by bot id=7510441533
2025-03-26 09:23:33,609 - aiogram.event - INFO - Update id=850441996 is handled. Duration 2282 ms by bot id=7510441533
2025-03-26 09:23:37,771 - aiogram.event - INFO - Update id=850441997 is handled. Duration 997 ms by bot id=7510441533
2025-03-26 09:23:45,738 - aiogram.event - INFO - Update id=850441998 is handled. Duration 986 ms by bot id=7510441533
2025-03-26 09:24:06,594 - aiogram.event - INFO - Update id=850441999 is handled. Duration 1028 ms by bot id=7510441533
2025-03-26 09:24:11,868 - aiogram.event - INFO - Update id=850442000 is handled. Duration 2204 ms by bot id=7510441533
2025-03-26 09:24:16,983 - aiogram.event - INFO - Update id=850442001 is handled. Duration 2851 ms by bot id=7510441533
2025-03-26 09:24:50,060 - aiogram.event - INFO - Update id=850442002 is handled. Duration 1613 ms by bot id=7510441533
2025-03-26 09:24:56,924 - aiogram.event - INFO - Update id=850442003 is handled. Duration 1167 ms by bot id=7510441533
2025-03-26 09:24:58,860 - aiogram.event - INFO - Update id=850442004 is handled. Duration 1002 ms by bot id=7510441533
2025-03-26 09:25:01,908 - aiogram.event - INFO - Update id=850442005 is handled. Duration 986 ms by bot id=7510441533
2025-03-26 09:25:05,590 - aiogram.event - INFO - Update id=850442006 is handled. Duration 1134 ms by bot id=7510441533
2025-03-26 09:25:09,693 - aiogram.event - INFO - Update id=850442007 is handled. Duration 995 ms by bot id=7510441533
2025-03-26 09:25:11,443 - aiogram.event - INFO - Update id=850442008 is handled. Duration 1058 ms by bot id=7510441533
2025-03-26 09:25:15,685 - aiogram.event - INFO - Update id=850442009 is handled. Duration 1044 ms by bot id=7510441533
2025-03-26 09:25:19,691 - aiogram.event - INFO - Update id=850442010 is handled. Duration 997 ms by bot id=7510441533
2025-03-26 09:25:21,820 - aiogram.event - INFO - Update id=850442011 is handled. Duration 1054 ms by bot id=7510441533
2025-03-26 09:25:23,558 - aiogram.event - INFO - Update id=850442012 is handled. Duration 1127 ms by bot id=7510441533
2025-03-26 09:25:25,172 - aiogram.event - INFO - Update id=850442013 is handled. Duration 1062 ms by bot id=7510441533
2025-03-26 09:25:28,098 - aiogram.event - INFO - Update id=850442014 is handled. Duration 1108 ms by bot id=7510441533
2025-03-26 09:25:43,635 - aiogram.event - INFO - Update id=850442015 is handled. Duration 1004 ms by bot id=7510441533
2025-03-26 09:25:46,240 - aiogram.event - INFO - Update id=850442016 is handled. Duration 985 ms by bot id=7510441533
2025-03-26 09:25:49,188 - aiogram.event - INFO - Update id=850442017 is handled. Duration 1887 ms by bot id=7510441533
2025-03-26 09:26:26,068 - aiogram.event - INFO - Update id=850442018 is handled. Duration 1785 ms by bot id=7510441533
2025-03-26 09:27:15,264 - aiogram.event - INFO - Update id=850442019 is handled. Duration 1359 ms by bot id=7510441533
2025-03-26 09:27:23,650 - aiogram.event - INFO - Update id=850442020 is handled. Duration 1638 ms by bot id=7510441533
2025-03-26 09:27:39,126 - aiogram.event - INFO - Update id=850442021 is handled. Duration 2030 ms by bot id=7510441533
2025-03-26 09:27:42,807 - aiogram.event - INFO - Update id=850442022 is handled. Duration 1058 ms by bot id=7510441533
2025-03-26 09:27:56,582 - aiogram.dispatcher - INFO - Polling stopped
2025-03-26 09:27:56,843 - root - INFO - Closing database connection...
2025-03-26 09:27:57,173 - databases - INFO - Disconnected from database postgresql://bots_714l_user:********@dpg-cvh2ks1u0jms73bh60gg-a.oregon-postgres.render.com/bots_714l
2025-03-26 09:27:57,177 - aiogram.dispatcher - INFO - Polling stopped for bot @cooplinkbot id=7510441533 - 'Cooplink'
2025-03-26 09:27:57,190 - root - INFO - Bot stopped!
2025-03-26 09:38:33,244 - root - INFO - Connecting to database...
2025-03-26 09:38:36,954 - databases - INFO - Connected to database postgresql://bots_714l_user:********@dpg-cvh2ks1u0jms73bh60gg-a.oregon-postgres.render.com/bots_714l
2025-03-26 09:38:36,956 - root - INFO - Creating tables...
2025-03-26 09:38:44,745 - root - INFO - Setting bot commands...
2025-03-26 09:38:45,244 - root - INFO - Starting bot...
2025-03-26 09:38:45,245 - aiogram.dispatcher - INFO - Start polling
2025-03-26 09:38:45,372 - aiogram.dispatcher - INFO - Run polling for bot @cooplinkbot id=7510441533 - 'Cooplink'
2025-03-26 09:38:52,872 - aiogram.event - INFO - Update id=850442023 is not handled. Duration 8 ms by bot id=7510441533
2025-03-26 09:39:04,094 - aiogram.event - INFO - Update id=850442024 is handled. Duration 2209 ms by bot id=7510441533
2025-03-26 09:39:18,668 - aiogram.event - INFO - Update id=850442025 is handled. Duration 1948 ms by bot id=7510441533
2025-03-26 09:39:28,877 - aiogram.event - INFO - Update id=850442026 is not handled. Duration 12 ms by bot id=7510441533
2025-03-26 09:44:15,525 - aiogram.dispatcher - INFO - Polling stopped
2025-03-26 09:44:15,789 - root - INFO - Closing database connection...
2025-03-26 09:44:16,091 - databases - INFO - Disconnected from database postgresql://bots_714l_user:********@dpg-cvh2ks1u0jms73bh60gg-a.oregon-postgres.render.com/bots_714l
2025-03-26 09:44:16,093 - aiogram.dispatcher - INFO - Polling stopped for bot @cooplinkbot id=7510441533 - 'Cooplink'
2025-03-26 09:44:16,100 - root - INFO - Bot stopped!
2025-03-26 09:44:30,937 - root - INFO - Connecting to database...
2025-03-26 09:44:34,656 - databases - INFO - Connected to database postgresql://bots_714l_user:********@dpg-cvh2ks1u0jms73bh60gg-a.oregon-postgres.render.com/bots_714l
2025-03-26 09:44:34,657 - root - INFO - Creating tables...
2025-03-26 09:44:42,293 - root - INFO - Setting bot commands...
2025-03-26 09:44:42,780 - root - INFO - Starting bot...
2025-03-26 09:44:42,781 - aiogram.dispatcher - INFO - Start polling
2025-03-26 09:44:42,923 - aiogram.dispatcher - INFO - Run polling for bot @cooplinkbot id=7510441533 - 'Cooplink'
2025-03-26 09:45:22,468 - aiogram.event - INFO - Update id=850442027 is handled. Duration 2174 ms by bot id=7510441533
2025-03-26 09:45:26,182 - aiogram.event - INFO - Update id=850442028 is handled. Duration 1882 ms by bot id=7510441533
2025-03-26 09:45:31,950 - aiogram.event - INFO - Update id=850442029 is handled. Duration 1948 ms by bot id=7510441533
2025-03-26 09:45:35,595 - aiogram.event - INFO - Update id=850442030 is handled. Duration 1628 ms by bot id=7510441533
2025-03-26 09:45:40,244 - aiogram.event - INFO - Update id=850442031 is handled. Duration 1032 ms by bot id=7510441533
2025-03-26 09:45:48,186 - aiogram.event - INFO - Update id=850442032 is handled. Duration 988 ms by bot id=7510441533
2025-03-26 09:45:50,470 - aiogram.event - INFO - Update id=850442033 is handled. Duration 1046 ms by bot id=7510441533
2025-03-26 09:45:52,031 - aiogram.event - INFO - Update id=850442034 is handled. Duration 1000 ms by bot id=7510441533
2025-03-26 09:45:54,776 - aiogram.event - INFO - Update id=850442035 is handled. Duration 997 ms by bot id=7510441533
2025-03-26 09:45:57,162 - aiogram.event - INFO - Update id=850442036 is handled. Duration 1005 ms by bot id=7510441533
2025-03-26 09:46:01,214 - aiogram.event - INFO - Update id=850442037 is handled. Duration 2087 ms by bot id=7510441533
2025-03-26 09:46:05,975 - aiogram.event - INFO - Update id=850442038 is handled. Duration 3322 ms by bot id=7510441533
2025-03-26 09:55:24,324 - aiogram.dispatcher - INFO - Polling stopped
2025-03-26 09:55:24,666 - root - INFO - Closing database connection...
2025-03-26 09:55:24,700 - databases - INFO - Disconnected from database postgresql://bots_714l_user:********@dpg-cvh2ks1u0jms73bh60gg-a.oregon-postgres.render.com/bots_714l
2025-03-26 09:55:24,731 - aiogram.dispatcher - INFO - Polling stopped for bot @cooplinkbot id=7510441533 - 'Cooplink'
2025-03-26 09:55:24,765 - root - INFO - Bot stopped!
2025-03-26 09:55:43,173 - root - INFO - Connecting to database...
2025-03-26 09:55:46,857 - databases - INFO - Connected to database postgresql://bots_714l_user:********@dpg-cvh2ks1u0jms73bh60gg-a.oregon-postgres.render.com/bots_714l
2025-03-26 09:55:46,858 - root - INFO - Creating tables...
2025-03-26 09:55:54,985 - root - INFO - Setting bot commands...
2025-03-26 09:55:55,435 - root - INFO - Starting bot...
2025-03-26 09:55:55,436 - aiogram.dispatcher - INFO - Start polling
2025-03-26 09:55:55,602 - aiogram.dispatcher - INFO - Run polling for bot @cooplinkbot id=7510441533 - 'Cooplink'
2025-03-26 09:56:07,344 - aiogram.event - INFO - Update id=850442039 is handled. Duration 2731 ms by bot id=7510441533
2025-03-26 09:56:11,854 - aiogram.event - INFO - Update id=850442040 is handled. Duration 1536 ms by bot id=7510441533
2025-03-26 09:56:14,220 - aiogram.event - INFO - Update id=850442041 is handled. Duration 1510 ms by bot id=7510441533
2025-03-26 09:56:16,454 - aiogram.event - INFO - Update id=850442042 is handled. Duration 1618 ms by bot id=7510441533
2025-03-26 09:56:18,688 - aiogram.event - INFO - Update id=850442043 is handled. Duration 1431 ms by bot id=7510441533
2025-03-26 09:56:22,340 - aiogram.event - INFO - Update id=850442044 is handled. Duration 1530 ms by bot id=7510441533
2025-03-26 09:56:26,533 - aiogram.event - INFO - Update id=850442045 is handled. Duration 1909 ms by bot id=7510441533
2025-03-26 09:56:31,598 - aiogram.event - INFO - Update id=850442046 is handled. Duration 2943 ms by bot id=7510441533
2025-03-26 09:56:37,656 - aiogram.event - INFO - Update id=850442047 is handled. Duration 4619 ms by bot id=7510441533
2025-03-26 09:56:53,316 - aiogram.event - INFO - Update id=850442048 is handled. Duration 3360 ms by bot id=7510441533
2025-03-26 09:56:57,199 - aiogram.event - INFO - Update id=850442049 is handled. Duration 2578 ms by bot id=7510441533
2025-03-26 09:57:03,511 - aiogram.event - INFO - Update id=850442050 is handled. Duration 3067 ms by bot id=7510441533
2025-03-26 09:57:08,342 - aiogram.event - INFO - Update id=850442051 is handled. Duration 2035 ms by bot id=7510441533
2025-03-26 09:57:14,287 - aiogram.event - INFO - Update id=850442052 is handled. Duration 1426 ms by bot id=7510441533
2025-03-26 09:57:16,640 - aiogram.event - INFO - Update id=850442053 is handled. Duration 1573 ms by bot id=7510441533
2025-03-26 09:57:19,267 - aiogram.event - INFO - Update id=850442054 is handled. Duration 1545 ms by bot id=7510441533
2025-03-26 09:57:22,587 - aiogram.event - INFO - Update id=850442055 is handled. Duration 1495 ms by bot id=7510441533
2025-03-26 09:57:24,810 - aiogram.event - INFO - Update id=850442056 is handled. Duration 1449 ms by bot id=7510441533
2025-03-26 09:57:34,852 - aiogram.event - INFO - Update id=850442057 is handled. Duration 1476 ms by bot id=7510441533
2025-03-26 09:57:38,647 - aiogram.event - INFO - Update id=850442058 is handled. Duration 2510 ms by bot id=7510441533
2025-03-26 09:57:47,545 - aiogram.event - INFO - Update id=850442059 is handled. Duration 3798 ms by bot id=7510441533
2025-03-26 09:58:41,298 - aiogram.event - INFO - Update id=850442060 is handled. Duration 2297 ms by bot id=7510441533
2025-03-26 09:58:48,910 - aiogram.event - INFO - Update id=850442061 is handled. Duration 2045 ms by bot id=7510441533
2025-03-26 09:58:56,324 - aiogram.event - INFO - Update id=850442062 is handled. Duration 1805 ms by bot id=7510441533
2025-03-26 09:58:59,898 - aiogram.event - INFO - Update id=850442063 is handled. Duration 2056 ms by bot id=7510441533
2025-03-26 09:59:05,413 - aiogram.dispatcher - INFO - Polling stopped
2025-03-26 09:59:05,561 - aiogram.dispatcher - INFO - Polling stopped for bot @cooplinkbot id=7510441533 - 'Cooplink'
2025-03-26 09:59:05,563 - root - INFO - Closing database connection...
2025-03-26 09:59:06,065 - databases - INFO - Disconnected from database postgresql://bots_714l_user:********@dpg-cvh2ks1u0jms73bh60gg-a.oregon-postgres.render.com/bots_714l
2025-03-26 09:59:06,071 - root - INFO - Bot stopped!
2025-03-26 10:21:04,055 - root - INFO - Connecting to database...
2025-03-26 10:21:08,038 - databases - INFO - Connected to database postgresql://bots_714l_user:********@dpg-cvh2ks1u0jms73bh60gg-a.oregon-postgres.render.com/bots_714l
2025-03-26 10:21:08,040 - root - INFO - Creating tables...
2025-03-26 10:21:14,909 - root - INFO - Setting bot commands...
2025-03-26 10:21:15,314 - root - INFO - Starting bot...
2025-03-26 10:21:15,314 - aiogram.dispatcher - INFO - Start polling
2025-03-26 10:21:15,435 - aiogram.dispatcher - INFO - Run polling for bot @cooplinkbot id=7510441533 - 'Cooplink'
2025-03-26 10:21:15,600 - aiogram.event - INFO - Update id=850442078 is not handled. Duration 6 ms by bot id=7510441533
2025-03-26 10:21:19,445 - aiogram.event - INFO - Update id=850442079 is not handled. Duration 16 ms by bot id=7510441533
2025-03-26 10:21:24,156 - aiogram.event - INFO - Update id=850442080 is handled. Duration 2808 ms by bot id=7510441533
2025-03-26 10:21:54,631 - aiogram.dispatcher - INFO - Polling stopped
2025-03-26 10:21:54,831 - aiogram.dispatcher - INFO - Polling stopped for bot @cooplinkbot id=7510441533 - 'Cooplink'
2025-03-26 10:21:54,833 - root - INFO - Closing database connection...
2025-03-26 10:21:55,261 - databases - INFO - Disconnected from database postgresql://bots_714l_user:********@dpg-cvh2ks1u0jms73bh60gg-a.oregon-postgres.render.com/bots_714l
2025-03-26 10:21:55,273 - root - INFO - Bot stopped!
2025-03-26 11:12:23,765 - root - INFO - Connecting to database...
2025-03-26 11:12:27,518 - databases - INFO - Connected to database postgresql://bots_714l_user:********@dpg-cvh2ks1u0jms73bh60gg-a.oregon-postgres.render.com/bots_714l
2025-03-26 11:12:27,519 - root - INFO - Creating tables...
2025-03-26 11:12:35,318 - root - INFO - Setting bot commands...
2025-03-26 11:12:35,805 - root - INFO - Starting bot...
2025-03-26 11:12:35,807 - aiogram.dispatcher - INFO - Start polling
2025-03-26 11:12:35,973 - aiogram.dispatcher - INFO - Run polling for bot @cooplinkbot id=7510441533 - 'Cooplink'
2025-03-26 11:13:25,192 - aiogram.event - INFO - Update id=850442089 is handled. Duration 2809 ms by bot id=7510441533
2025-03-26 11:19:51,063 - aiogram.dispatcher - INFO - Polling stopped
2025-03-26 11:19:51,658 - root - INFO - Closing database connection...
2025-03-26 11:19:52,049 - databases - INFO - Disconnected from database postgresql://bots_714l_user:********@dpg-cvh2ks1u0jms73bh60gg-a.oregon-postgres.render.com/bots_714l
2025-03-26 11:19:52,158 - aiogram.dispatcher - INFO - Polling stopped for bot @cooplinkbot id=7510441533 - 'Cooplink'
2025-03-26 11:19:52,239 - root - INFO - Bot stopped!
2025-03-26 11:20:17,339 - root - INFO - Connecting to database...
2025-03-26 11:20:20,888 - databases - INFO - Connected to database postgresql://bots_714l_user:********@dpg-cvh2ks1u0jms73bh60gg-a.oregon-postgres.render.com/bots_714l
2025-03-26 11:20:20,935 - root - INFO - Creating tables...
2025-03-26 11:20:27,893 - root - INFO - Setting bot commands...
2025-03-26 11:20:28,454 - root - INFO - Starting bot...
2025-03-26 11:20:28,455 - aiogram.dispatcher - INFO - Start polling
2025-03-26 11:20:28,598 - aiogram.dispatcher - INFO - Run polling for bot @cooplinkbot id=7510441533 - 'Cooplink'
2025-03-26 11:20:31,337 - aiogram.event - INFO - Update id=850442090 is handled. Duration 2540 ms by bot id=7510441533
2025-03-26 11:20:37,891 - aiogram.dispatcher - INFO - Polling stopped
2025-03-26 11:20:38,145 - root - INFO - Closing database connection...
2025-03-26 11:20:38,655 - databases - INFO - Disconnected from database postgresql://bots_714l_user:********@dpg-cvh2ks1u0jms73bh60gg-a.oregon-postgres.render.com/bots_714l
2025-03-26 11:20:38,657 - aiogram.dispatcher - INFO - Polling stopped for bot @cooplinkbot id=7510441533 - 'Cooplink'
2025-03-26 11:20:38,660 - root - INFO - Bot stopped!
2025-03-30 14:44:25,318 - root - INFO - Connecting to database...
2025-03-30 14:44:29,596 - databases - INFO - Connected to database postgresql://bots_714l_user:********@dpg-cvh2ks1u0jms73bh60gg-a.oregon-postgres.render.com/bots_714l
2025-03-30 14:44:29,598 - root - INFO - Creating tables...
2025-03-30 14:44:37,956 - root - INFO - Setting bot commands...
2025-03-30 14:44:38,508 - root - INFO - Starting bot...
2025-03-30 14:44:38,510 - aiogram.dispatcher - INFO - Start polling
2025-03-30 14:44:38,655 - aiogram.dispatcher - INFO - Run polling for bot @cooplinkbot id=7510441533 - 'Cooplink'
2025-03-30 14:44:39,443 - aiogram.event - INFO - Update id=850442349 is not handled. Duration 47 ms by bot id=7510441533
2025-03-30 14:44:39,445 - aiogram.event - INFO - Update id=850442350 is not handled. Duration 48 ms by bot id=7510441533
2025-03-30 14:44:41,267 - aiogram.event - INFO - Update id=850442351 is handled. Duration 1868 ms by bot id=7510441533
2025-03-30 14:44:42,088 - aiogram.event - INFO - Update id=850442346 is handled. Duration 2698 ms by bot id=7510441533
2025-03-30 14:44:42,274 - aiogram.event - INFO - Update id=850442347 is handled. Duration 2882 ms by bot id=7510441533
2025-03-30 14:44:42,310 - aiogram.event - INFO - Update id=850442348 is handled. Duration 2916 ms by bot id=7510441533
2025-03-30 14:45:28,300 - aiogram.event - INFO - Update id=850442352 is handled. Duration 1962 ms by bot id=7510441533
2025-03-30 14:46:09,566 - aiogram.event - INFO - Update id=850442353 is handled. Duration 2191 ms by bot id=7510441533
2025-03-30 14:46:17,393 - aiogram.event - INFO - Update id=850442354 is handled. Duration 3839 ms by bot id=7510441533
2025-03-30 14:50:51,821 - aiogram.dispatcher - INFO - Polling stopped
2025-03-30 14:50:52,083 - root - INFO - Closing database connection...
2025-03-30 14:50:52,383 - databases - INFO - Disconnected from database postgresql://bots_714l_user:********@dpg-cvh2ks1u0jms73bh60gg-a.oregon-postgres.render.com/bots_714l
2025-03-30 14:50:52,385 - aiogram.dispatcher - INFO - Polling stopped for bot @cooplinkbot id=7510441533 - 'Cooplink'
2025-03-30 14:50:52,392 - root - INFO - Bot stopped!
2025-03-30 14:51:19,556 - root - INFO - Connecting to database...
2025-03-30 14:51:24,009 - databases - INFO - Connected to database postgresql://bots_714l_user:********@dpg-cvh2ks1u0jms73bh60gg-a.oregon-postgres.render.com/bots_714l
2025-03-30 14:51:24,011 - root - INFO - Creating tables...
2025-03-30 14:51:31,519 - root - INFO - Setting bot commands...
2025-03-30 14:51:31,945 - root - INFO - Starting bot...
2025-03-30 14:51:31,946 - aiogram.dispatcher - INFO - Start polling
2025-03-30 14:51:32,060 - aiogram.dispatcher - INFO - Run polling for bot @cooplinkbot id=7510441533 - 'Cooplink'
2025-03-30 14:51:54,606 - aiogram.event - INFO - Update id=850442355 is handled. Duration 4283 ms by bot id=7510441533
2025-03-30 14:52:01,923 - aiogram.event - INFO - Update id=850442356 is handled. Duration 2441 ms by bot id=7510441533
2025-03-30 14:52:12,791 - aiogram.event - INFO - Update id=850442357 is handled. Duration 3304 ms by bot id=7510441533
2025-03-30 14:57:18,819 - aiogram.dispatcher - INFO - Polling stopped
2025-03-30 14:57:19,076 - root - INFO - Closing database connection...
2025-03-30 14:57:19,078 - databases - INFO - Disconnected from database postgresql://bots_714l_user:********@dpg-cvh2ks1u0jms73bh60gg-a.oregon-postgres.render.com/bots_714l
2025-03-30 14:57:19,080 - aiogram.dispatcher - INFO - Polling stopped for bot @cooplinkbot id=7510441533 - 'Cooplink'
2025-03-30 14:57:19,084 - root - INFO - Bot stopped!
2025-03-30 14:57:33,880 - root - INFO - Connecting to database...
2025-03-30 14:57:38,145 - databases - INFO - Connected to database postgresql://bots_714l_user:********@dpg-cvh2ks1u0jms73bh60gg-a.oregon-postgres.render.com/bots_714l
2025-03-30 14:57:38,146 - root - INFO - Creating tables...
2025-03-30 14:57:45,559 - root - INFO - Setting bot commands...
2025-03-30 14:57:46,002 - root - INFO - Starting bot...
2025-03-30 14:57:46,004 - aiogram.dispatcher - INFO - Start polling
2025-03-30 14:57:46,122 - aiogram.dispatcher - INFO - Run polling for bot @cooplinkbot id=7510441533 - 'Cooplink'
2025-03-30 14:58:06,559 - aiogram.event - INFO - Update id=850442358 is handled. Duration 2967 ms by bot id=7510441533
2025-03-30 14:58:10,797 - aiogram.event - INFO - Update id=850442359 is handled. Duration 2252 ms by bot id=7510441533
2025-03-30 14:58:17,158 - aiogram.event - INFO - Update id=850442360 is handled. Duration 3591 ms by bot id=7510441533
2025-03-30 14:58:23,153 - aiogram.event - INFO - Update id=850442361 is handled. Duration 1744 ms by bot id=7510441533
2025-03-30 14:58:33,419 - aiogram.event - INFO - Update id=850442362 is handled. Duration 901 ms by bot id=7510441533
2025-03-30 14:58:38,331 - aiogram.event - INFO - Update id=850442363 is handled. Duration 1060 ms by bot id=7510441533
2025-03-30 14:58:40,915 - aiogram.event - INFO - Update id=850442364 is handled. Duration 1965 ms by bot id=7510441533
2025-03-30 14:58:44,050 - aiogram.event - INFO - Update id=850442365 is handled. Duration 1690 ms by bot id=7510441533
2025-03-30 14:58:51,277 - aiogram.event - INFO - Update id=850442366 is handled. Duration 838 ms by bot id=7510441533
2025-03-30 14:58:52,481 - aiogram.event - INFO - Update id=850442367 is handled. Duration 682 ms by bot id=7510441533
2025-03-30 14:58:58,732 - aiogram.event - INFO - Update id=850442368 is handled. Duration 1349 ms by bot id=7510441533
2025-03-30 14:59:01,278 - aiogram.event - INFO - Update id=850442369 is handled. Duration 1905 ms by bot id=7510441533
2025-03-30 14:59:03,720 - aiogram.event - INFO - Update id=850442370 is handled. Duration 996 ms by bot id=7510441533
2025-03-30 14:59:19,350 - aiogram.event - INFO - Update id=850442371 is handled. Duration 4404 ms by bot id=7510441533
2025-03-30 14:59:46,765 - aiogram.event - INFO - Update id=850442372 is handled. Duration 1877 ms by bot id=7510441533
2025-03-30 14:59:51,968 - aiogram.event - INFO - Update id=850442373 is handled. Duration 2112 ms by bot id=7510441533
2025-03-30 14:59:57,456 - aiogram.event - INFO - Update id=850442374 is handled. Duration 2777 ms by bot id=7510441533
2025-03-30 15:00:30,814 - aiogram.event - INFO - Update id=850442375 is handled. Duration 2525 ms by bot id=7510441533
2025-03-30 15:00:32,850 - aiogram.event - INFO - Update id=850442376 is handled. Duration 2000 ms by bot id=7510441533
2025-03-30 15:00:34,690 - aiogram.event - INFO - Update id=850442377 is handled. Duration 2207 ms by bot id=7510441533
2025-03-30 15:00:46,997 - aiogram.event - INFO - Update id=850442378 is handled. Duration 1337 ms by bot id=7510441533
2025-03-30 15:00:50,064 - aiogram.event - INFO - Update id=850442379 is handled. Duration 2176 ms by bot id=7510441533
2025-03-30 15:01:05,527 - aiogram.event - INFO - Update id=850442380 is handled. Duration 2131 ms by bot id=7510441533
2025-03-30 15:04:42,558 - aiogram.dispatcher - INFO - Polling stopped
2025-03-30 15:04:42,752 - aiogram.dispatcher - INFO - Polling stopped for bot @cooplinkbot id=7510441533 - 'Cooplink'
2025-03-30 15:04:42,756 - root - INFO - Closing database connection...
2025-03-30 15:04:43,060 - databases - INFO - Disconnected from database postgresql://bots_714l_user:********@dpg-cvh2ks1u0jms73bh60gg-a.oregon-postgres.render.com/bots_714l
2025-03-30 15:04:43,067 - root - INFO - Bot stopped!
2025-03-30 15:05:13,473 - root - INFO - Connecting to database...
2025-03-30 15:05:17,118 - databases - INFO - Connected to database postgresql://bots_714l_user:********@dpg-cvh2ks1u0jms73bh60gg-a.oregon-postgres.render.com/bots_714l
2025-03-30 15:05:17,120 - root - INFO - Creating tables...
2025-03-30 15:05:24,311 - root - INFO - Setting bot commands...
2025-03-30 15:05:24,744 - root - INFO - Starting bot...
2025-03-30 15:05:24,745 - aiogram.dispatcher - INFO - Start polling
2025-03-30 15:05:24,863 - aiogram.dispatcher - INFO - Run polling for bot @cooplinkbot id=7510441533 - 'Cooplink'
2025-03-30 15:06:02,221 - aiogram.event - INFO - Update id=850442381 is handled. Duration 2734 ms by bot id=7510441533
2025-03-30 15:06:09,160 - aiogram.event - INFO - Update id=850442382 is handled. Duration 2232 ms by bot id=7510441533
2025-03-30 15:06:14,284 - aiogram.event - INFO - Update id=850442383 is handled. Duration 2695 ms by bot id=7510441533
2025-03-30 15:06:18,619 - aiogram.event - INFO - Update id=850442384 is handled. Duration 1932 ms by bot id=7510441533
2025-03-30 15:06:23,173 - aiogram.event - INFO - Update id=850442385 is handled. Duration 1333 ms by bot id=7510441533
2025-03-30 15:06:32,288 - aiogram.event - INFO - Update id=850442386 is handled. Duration 1423 ms by bot id=7510441533
2025-03-30 15:06:39,323 - aiogram.event - INFO - Update id=850442387 is handled. Duration 1401 ms by bot id=7510441533
2025-03-30 15:06:44,290 - aiogram.event - INFO - Update id=850442388 is handled. Duration 1355 ms by bot id=7510441533
2025-03-30 15:06:49,223 - aiogram.event - INFO - Update id=850442389 is handled. Duration 1378 ms by bot id=7510441533
2025-03-30 15:07:16,891 - aiogram.event - INFO - Update id=850442390 is handled. Duration 1453 ms by bot id=7510441533
2025-03-30 15:07:21,711 - aiogram.event - INFO - Update id=850442391 is handled. Duration 2717 ms by bot id=7510441533
2025-03-30 15:07:29,725 - aiogram.event - INFO - Update id=850442392 is handled. Duration 3926 ms by bot id=7510441533
2025-03-30 15:11:40,284 - aiogram.dispatcher - INFO - Polling stopped
2025-03-30 15:11:40,503 - aiogram.dispatcher - INFO - Polling stopped for bot @cooplinkbot id=7510441533 - 'Cooplink'
2025-03-30 15:11:40,506 - root - INFO - Closing database connection...
2025-03-30 15:11:40,780 - databases - INFO - Disconnected from database postgresql://bots_714l_user:********@dpg-cvh2ks1u0jms73bh60gg-a.oregon-postgres.render.com/bots_714l
2025-03-30 15:11:40,787 - root - INFO - Bot stopped!
2025-03-30 15:11:52,986 - root - INFO - Connecting to database...
2025-03-30 15:11:56,407 - databases - INFO - Connected to database postgresql://bots_714l_user:********@dpg-cvh2ks1u0jms73bh60gg-a.oregon-postgres.render.com/bots_714l
2025-03-30 15:11:56,408 - root - INFO - Creating tables...
2025-03-30 15:12:03,747 - root - INFO - Setting bot commands...
2025-03-30 15:12:04,219 - root - INFO - Starting bot...
2025-03-30 15:12:04,220 - aiogram.dispatcher - INFO - Start polling
2025-03-30 15:12:04,335 - aiogram.dispatcher - INFO - Run polling for bot @cooplinkbot id=7510441533 - 'Cooplink'
2025-03-30 15:12:11,232 - aiogram.event - INFO - Update id=850442393 is handled. Duration 2441 ms by bot id=7510441533
2025-03-30 15:12:16,089 - aiogram.event - INFO - Update id=850442394 is handled. Duration 1346 ms by bot id=7510441533
2025-03-30 15:12:22,456 - aiogram.event - INFO - Update id=850442395 is handled. Duration 1355 ms by bot id=7510441533
2025-03-30 15:12:29,444 - aiogram.event - INFO - Update id=850442396 is handled. Duration 1346 ms by bot id=7510441533
2025-03-30 15:12:33,775 - aiogram.event - INFO - Update id=850442397 is handled. Duration 1388 ms by bot id=7510441533
2025-03-30 15:12:42,220 - aiogram.event - INFO - Update id=850442398 is handled. Duration 1415 ms by bot id=7510441533
2025-03-30 15:12:57,516 - aiogram.event - INFO - Update id=850442399 is handled. Duration 1356 ms by bot id=7510441533
2025-03-30 15:13:04,512 - aiogram.event - INFO - Update id=850442400 is handled. Duration 2610 ms by bot id=7510441533
2025-03-30 15:13:10,804 - aiogram.event - INFO - Update id=850442401 is handled. Duration 4207 ms by bot id=7510441533
2025-03-30 15:14:47,580 - aiogram.event - INFO - Update id=850442402 is handled. Duration 3676 ms by bot id=7510441533
2025-03-30 15:14:51,491 - aiogram.event - INFO - Update id=850442403 is handled. Duration 1570 ms by bot id=7510441533
2025-03-30 15:14:56,295 - aiogram.event - INFO - Update id=850442404 is handled. Duration 920 ms by bot id=7510441533
2025-03-30 15:14:59,703 - aiogram.event - INFO - Update id=850442405 is handled. Duration 2033 ms by bot id=7510441533
2025-03-30 15:15:03,923 - aiogram.event - INFO - Update id=850442406 is handled. Duration 1863 ms by bot id=7510441533
2025-03-30 15:15:09,412 - aiogram.event - INFO - Update id=850442407 is handled. Duration 742 ms by bot id=7510441533
2025-03-30 15:15:13,876 - aiogram.event - INFO - Update id=850442408 is handled. Duration 2042 ms by bot id=7510441533
2025-03-30 15:15:41,553 - aiogram.event - INFO - Update id=850442409 is handled. Duration 1402 ms by bot id=7510441533
2025-03-30 15:20:50,899 - aiogram.dispatcher - INFO - Polling stopped
2025-03-30 15:20:51,160 - root - INFO - Closing database connection...
2025-03-30 15:20:51,163 - databases - INFO - Disconnected from database postgresql://bots_714l_user:********@dpg-cvh2ks1u0jms73bh60gg-a.oregon-postgres.render.com/bots_714l
2025-03-30 15:20:51,167 - aiogram.dispatcher - INFO - Polling stopped for bot @cooplinkbot id=7510441533 - 'Cooplink'
2025-03-30 15:20:51,193 - root - INFO - Bot stopped!
2025-03-30 15:21:05,977 - root - INFO - Connecting to database...
2025-03-30 15:21:09,991 - databases - INFO - Connected to database postgresql://bots_714l_user:********@dpg-cvh2ks1u0jms73bh60gg-a.oregon-postgres.render.com/bots_714l
2025-03-30 15:21:09,992 - root - INFO - Creating tables...
2025-03-30 15:21:17,300 - root - INFO - Setting bot commands...
2025-03-30 15:21:17,766 - root - INFO - Starting bot...
2025-03-30 15:21:17,766 - aiogram.dispatcher - INFO - Start polling
2025-03-30 15:21:17,874 - aiogram.dispatcher - INFO - Run polling for bot @cooplinkbot id=7510441533 - 'Cooplink'
2025-03-30 15:21:23,092 - aiogram.event - INFO - Update id=850442410 is handled. Duration 4127 ms by bot id=7510441533
2025-03-30 15:21:27,410 - aiogram.event - INFO - Update id=850442411 is handled. Duration 1446 ms by bot id=7510441533
2025-03-30 15:21:30,844 - aiogram.event - INFO - Update id=850442412 is handled. Duration 803 ms by bot id=7510441533
2025-03-30 15:21:34,186 - aiogram.event - INFO - Update id=850442413 is handled. Duration 1869 ms by bot id=7510441533
2025-03-30 15:21:37,977 - aiogram.event - INFO - Update id=850442414 is handled. Duration 1597 ms by bot id=7510441533
2025-03-30 15:21:46,179 - aiogram.event - INFO - Update id=850442415 is handled. Duration 1972 ms by bot id=7510441533
2025-03-30 15:21:51,870 - aiogram.event - INFO - Update id=850442416 is handled. Duration 2200 ms by bot id=7510441533
2025-03-30 15:22:45,707 - aiogram.event - INFO - Update id=850442417 is handled. Duration 2223 ms by bot id=7510441533
2025-03-30 15:22:52,875 - aiogram.event - INFO - Update id=850442418 is handled. Duration 2742 ms by bot id=7510441533
2025-03-30 15:22:57,723 - aiogram.event - INFO - Update id=850442419 is handled. Duration 1856 ms by bot id=7510441533
2025-03-30 15:29:01,492 - aiogram.dispatcher - INFO - Polling stopped
2025-03-30 15:29:01,730 - aiogram.dispatcher - INFO - Polling stopped for bot @cooplinkbot id=7510441533 - 'Cooplink'
2025-03-30 15:29:01,734 - root - INFO - Closing database connection...
2025-03-30 15:29:01,737 - databases - INFO - Disconnected from database postgresql://bots_714l_user:********@dpg-cvh2ks1u0jms73bh60gg-a.oregon-postgres.render.com/bots_714l
2025-03-30 15:29:01,748 - root - INFO - Bot stopped!
2025-03-30 15:29:15,932 - root - INFO - Connecting to database...
2025-03-30 15:29:19,296 - databases - INFO - Connected to database postgresql://bots_714l_user:********@dpg-cvh2ks1u0jms73bh60gg-a.oregon-postgres.render.com/bots_714l
2025-03-30 15:29:19,297 - root - INFO - Creating tables...
2025-03-30 15:29:26,558 - root - INFO - Setting bot commands...
2025-03-30 15:29:27,205 - root - ERROR - Failed to set admin commands for 6236467772: Bot.set_my_commands() got an unexpected keyword argument 'chat_id'
2025-03-30 15:29:27,206 - root - INFO - Starting bot...
2025-03-30 15:29:27,208 - aiogram.dispatcher - INFO - Start polling
2025-03-30 15:29:27,328 - aiogram.dispatcher - INFO - Run polling for bot @cooplinkbot id=7510441533 - 'Cooplink'
2025-03-30 15:29:46,690 - aiogram.event - INFO - Update id=850442420 is handled. Duration 2738 ms by bot id=7510441533
2025-03-30 15:29:52,134 - aiogram.event - INFO - Update id=850442421 is handled. Duration 2195 ms by bot id=7510441533
2025-03-30 15:29:56,447 - aiogram.event - INFO - Update id=850442422 is not handled. Duration 14 ms by bot id=7510441533
2025-03-30 15:29:59,998 - aiogram.event - INFO - Update id=850442423 is not handled. Duration 9 ms by bot id=7510441533
2025-03-30 15:30:11,966 - aiogram.event - INFO - Update id=850442424 is handled. Duration 1911 ms by bot id=7510441533
2025-03-30 15:30:14,109 - aiogram.event - INFO - Update id=850442425 is handled. Duration 2495 ms by bot id=7510441533
2025-03-30 15:30:17,429 - aiogram.event - INFO - Update id=850442426 is handled. Duration 2143 ms by bot id=7510441533
2025-03-30 15:30:21,549 - aiogram.event - INFO - Update id=850442427 is handled. Duration 2860 ms by bot id=7510441533
2025-03-30 15:30:24,413 - aiogram.event - INFO - Update id=850442428 is handled. Duration 1444 ms by bot id=7510441533
2025-03-30 15:30:30,916 - aiogram.event - INFO - Update id=850442429 is handled. Duration 1875 ms by bot id=7510441533
2025-03-30 15:30:32,694 - aiogram.event - INFO - Update id=850442430 is handled. Duration 1890 ms by bot id=7510441533
2025-03-30 15:30:34,096 - aiogram.event - INFO - Update id=850442431 is handled. Duration 1343 ms by bot id=7510441533
2025-03-30 15:30:52,415 - aiogram.event - INFO - Update id=850442432 is handled. Duration 1937 ms by bot id=7510441533
2025-03-30 15:30:56,857 - aiogram.event - INFO - Update id=850442433 is handled. Duration 1920 ms by bot id=7510441533
2025-03-30 15:31:20,425 - aiogram.dispatcher - INFO - Polling stopped
2025-03-30 15:31:20,684 - root - INFO - Closing database connection...
2025-03-30 15:31:21,409 - databases - INFO - Disconnected from database postgresql://bots_714l_user:********@dpg-cvh2ks1u0jms73bh60gg-a.oregon-postgres.render.com/bots_714l
2025-03-30 15:31:21,410 - aiogram.dispatcher - INFO - Polling stopped for bot @cooplinkbot id=7510441533 - 'Cooplink'
2025-03-30 15:31:21,416 - root - INFO - Bot stopped!
2025-03-30 15:35:38,762 - root - INFO - Connecting to database...
2025-03-30 15:35:42,621 - databases - INFO - Connected to database postgresql://bots_714l_user:********@dpg-cvh2ks1u0jms73bh60gg-a.oregon-postgres.render.com/bots_714l
2025-03-30 15:35:42,622 - root - INFO - Creating tables...
2025-03-30 15:35:49,818 - root - INFO - Setting bot commands...
2025-03-30 15:35:50,580 - root - ERROR - Failed to set admin commands for 6236467772: Bot.set_my_commands() got an unexpected keyword argument 'chat_id'
2025-03-30 15:35:50,581 - root - INFO - Starting bot...
2025-03-30 15:35:50,582 - aiogram.dispatcher - INFO - Start polling
2025-03-30 15:35:50,704 - aiogram.dispatcher - INFO - Run polling for bot @cooplinkbot id=7510441533 - 'Cooplink'
2025-03-30 15:36:00,577 - aiogram.event - INFO - Update id=850442434 is handled. Duration 3387 ms by bot id=7510441533
2025-03-30 15:36:06,286 - aiogram.event - INFO - Update id=850442435 is handled. Duration 1938 ms by bot id=7510441533
2025-03-30 15:36:19,663 - aiogram.dispatcher - INFO - Polling stopped
2025-03-30 15:36:19,921 - root - INFO - Closing database connection...
2025-03-30 15:36:20,262 - databases - INFO - Disconnected from database postgresql://bots_714l_user:********@dpg-cvh2ks1u0jms73bh60gg-a.oregon-postgres.render.com/bots_714l
2025-03-30 15:36:20,265 - aiogram.dispatcher - INFO - Polling stopped for bot @cooplinkbot id=7510441533 - 'Cooplink'
2025-03-30 15:36:20,272 - root - INFO - Bot stopped!
2025-03-30 15:47:24,850 - root - INFO - Connecting to database...
2025-03-30 15:47:28,802 - databases - INFO - Connected to database postgresql://bots_714l_user:********@dpg-cvh2ks1u0jms73bh60gg-a.oregon-postgres.render.com/bots_714l
2025-03-30 15:47:28,830 - root - INFO - Creating tables...
2025-03-30 15:47:36,309 - root - INFO - Setting bot commands...
2025-03-30 15:47:37,409 - root - ERROR - Failed to set admin commands for 6236467772: Bot.set_my_commands() got an unexpected keyword argument 'chat_id'
2025-03-30 15:47:37,411 - root - INFO - Starting bot...
2025-03-30 15:47:37,413 - aiogram.dispatcher - INFO - Start polling
2025-03-30 15:47:37,556 - aiogram.dispatcher - INFO - Run polling for bot @cooplinkbot id=7510441533 - 'Cooplink'
2025-03-30 15:47:50,802 - aiogram.event - INFO - Update id=850442439 is handled. Duration 4856 ms by bot id=7510441533
2025-03-30 15:48:18,692 - aiogram.dispatcher - INFO - Polling stopped
2025-03-30 15:48:18,910 - aiogram.dispatcher - INFO - Polling stopped for bot @cooplinkbot id=7510441533 - 'Cooplink'
2025-03-30 15:48:18,913 - root - INFO - Closing database connection...
2025-03-30 15:48:19,316 - databases - INFO - Disconnected from database postgresql://bots_714l_user:********@dpg-cvh2ks1u0jms73bh60gg-a.oregon-postgres.render.com/bots_714l
2025-03-30 15:48:19,319 - root - INFO - Bot stopped!
